[0mCompiling "resources/public/cljs/main.js" from ["src"]...[0m
[32mSuccessfully compiled "resources/public/cljs/main.js" in 1.966 seconds.[0m
notifying browser that file changed:  resources/public/cljs/out/goog/deps.js
notifying browser that file changed:  resources/public/cljs/out/cljs_deps.js
notifying browser that file changed:  out/clojurescript_tdd_application/core.js
[0mCompiling "resources/public/cljs/tests/all-tests.js" from ["src" "test"]...[0m
[31mFailed to compile "resources/public/cljs/tests/all-tests.js" in 0.201 seconds.[0m
[36m----  Could not Analyze  test/runners/browser.cljs  ----[0m

  [1mNo such namespace: devcards.core, could not locate devcards/core.cljs, devcards/core.cljc, or Closure namespace "devcards.core" [0m

[36m----  Analysis Error : Please see test/runners/browser.cljs  ----[0m
[0mCompiling "resources/public/cljs/tests/all-tests.js" from ["src" "test"]...[0m
[31mFailed to compile "resources/public/cljs/tests/all-tests.js" in 0.087 seconds.[0m
[36m----  Exception    ----[0m

  [1mNo ns form found in test/runners/browser.cljs[0m

[36m----  Exception Stack Trace  ----[0m

java.lang.AssertionError: No ns form found in test/runners/browser.cljs
 at cljs.analyzer$parse_ns$fn__2415.invoke (analyzer.cljc:3059)
    cljs.analyzer$parse_ns.invokeStatic (analyzer.cljc:3009)
    cljs.analyzer$parse_ns.invoke (analyzer.cljc:2991)
    cljs.analyzer$parse_ns.invokeStatic (analyzer.cljc:3001)
    cljs.analyzer$parse_ns.invoke (analyzer.cljc:2991)
    cljs.compiler$find_source.invokeStatic (compiler.cljc:1432)
    cljs.compiler$find_source.invoke (compiler.cljc:1431)
    clojure.core$map$fn__4785.invoke (core.clj:2646)
    clojure.lang.LazySeq.sval (LazySeq.java:40)
    clojure.lang.LazySeq.seq (LazySeq.java:49)
    clojure.lang.RT.seq (RT.java:521)
    clojure.core$seq__4357.invokeStatic (core.clj:137)
    clojure.core$concat$cat__4448$fn__4449.invoke (core.clj:715)
    clojure.lang.LazySeq.sval (LazySeq.java:40)
    clojure.lang.LazySeq.seq (LazySeq.java:56)
    clojure.lang.Cons.next (Cons.java:39)
    clojure.lang.RT.next (RT.java:688)
    clojure.core$next__4341.invokeStatic (core.clj:64)
    clojure.core$reduce1.invokeStatic (core.clj:925)
    clojure.core$set.invokeStatic (core.clj:3983)
    clojure.core$set.invoke (core.clj:3975)
    cljs.closure$add_dependency_sources.invokeStatic (closure.clj:798)
    cljs.closure$add_dependency_sources.invoke (closure.clj:792)
    cljs.closure$build.invokeStatic (closure.clj:1986)
    cljs.closure$build.invoke (closure.clj:1927)
    cljs.build.api$build.invokeStatic (api.clj:199)
    cljs.build.api$build.invoke (api.clj:187)
    figwheel_sidecar.components.cljs_autobuild$cljs_build.invokeStatic (cljs_autobuild.clj:28)
    figwheel_sidecar.components.cljs_autobuild$cljs_build.invoke (cljs_autobuild.clj:27)
    figwheel_sidecar.build_middleware.injection$hook$fn__23863.invoke (injection.clj:132)
    figwheel_sidecar.components.cljs_autobuild$notify_command_hook$fn__24258.invoke (cljs_autobuild.clj:68)
    figwheel_sidecar.components.cljs_autobuild$figwheel_start_and_end_messages$fn__24250.invoke (cljs_autobuild.clj:48)
    figwheel_sidecar.build_middleware.notifications$hook$fn__24088.invoke (notifications.clj:179)
    figwheel_sidecar.build_middleware.clj_reloading$hook$fn__24164.invoke (clj_reloading.clj:115)
    figwheel_sidecar.build_middleware.javascript_reloading$hook$fn__24210.invoke (javascript_reloading.clj:60)
    figwheel_sidecar.components.cljs_autobuild$color_output$fn__24262.invoke (cljs_autobuild.clj:79)
    figwheel_sidecar.components.cljs_autobuild$execute_build$fn__24299.invoke (cljs_autobuild.clj:227)
    figwheel_sidecar.utils$sync_exec$fn__2472$fn__2473.invoke (utils.clj:13)
    figwheel_sidecar.utils$sync_exec$fn__2472.invoke (utils.clj:12)
    clojure.core$binding_conveyor_fn$fn__4676.invoke (core.clj:1941)
    clojure.lang.AFn.applyToHelper (AFn.java:154)
    clojure.lang.RestFn.applyTo (RestFn.java:132)
    clojure.lang.Agent$Action.doRun (Agent.java:114)
    clojure.lang.Agent$Action.run (Agent.java:163)
    java.util.concurrent.ThreadPoolExecutor.runWorker (ThreadPoolExecutor.java:1142)
    java.util.concurrent.ThreadPoolExecutor$Worker.run (ThreadPoolExecutor.java:617)
    java.lang.Thread.run (Thread.java:745)

[0mCompiling "resources/public/cljs/tests/all-tests.js" from ["src" "test"]...[0m
[32mSuccessfully compiled "resources/public/cljs/tests/all-tests.js" in 0.689 seconds.[0m
notifying browser that file changed:  resources/public/cljs/tests/out/goog/deps.js
notifying browser that file changed:  resources/public/cljs/tests/out/cljs_deps.js
notifying browser that file changed:  out/runners/doo.js
[0mCompiling "resources/public/cljs/tests/all-tests.js" from ["src" "test"]...[0m
[32mSuccessfully compiled "resources/public/cljs/tests/all-tests.js" in 0.288 seconds.[0m
notifying browser that file changed:  out/runners/doo.js
[0mCompiling "resources/public/cljs/tests/all-tests.js" from ["src" "test"]...[0m
[32mSuccessfully compiled "resources/public/cljs/tests/all-tests.js" in 0.226 seconds.[0m
notifying browser that file changed:  resources/public/cljs/tests/out/cljs_deps.js
notifying browser that file changed:  out/runners/doo.js
[0mCompiling "resources/public/cljs/tests/all-tests.js" from ["src" "test"]...[0m
[32mSuccessfully compiled "resources/public/cljs/tests/all-tests.js" in 0.307 seconds.[0m
notifying browser that file changed:  resources/public/cljs/tests/out/goog/deps.js
notifying browser that file changed:  resources/public/cljs/tests/out/cljs_deps.js
notifying browser that file changed:  out/runners/doo.js
[0mCompiling "resources/public/cljs/tests/all-tests.js" from ["src" "test"]...[0m
[31mFailed to compile "resources/public/cljs/tests/all-tests.js" in 0.213 seconds.[0m
[36m----  Could not Analyze  test/runners/browser.cljs   line:8  column:1  ----[0m

  [1mEOF while reading, starting at line 8 and column 1[0m

  [33m8[0m  [1m(defcard should-work[0m
  [0m [0m  [33m^--- EOF while reading, starting at line 8 and column 1[0m

[36m----  Analysis Error : Please see test/runners/browser.cljs  ----[0m
[0mCompiling "resources/public/cljs/tests/all-tests.js" from ["src" "test"]...[0m
[31mFailed to compile "resources/public/cljs/tests/all-tests.js" in 0.273 seconds.[0m
[36m----  Could not Analyze  test/runners/browser.cljs   line:5  column:1  ----[0m

  [1mEOF while reading, starting at line 5 and column 1[0m

  [36m3[0m  [36m  (:require-macros [devcards.core :refer [defcard]]))[0m
  [36m4[0m  [36m[0m
  [33m5[0m  [1m(defcard should-work[0m
  [0m [0m  [33m^--- EOF while reading, starting at line 5 and column 1[0m

[36m----  Analysis Error : Please see test/runners/browser.cljs  ----[0m
[0mCompiling "resources/public/cljs/tests/all-tests.js" from ["src" "test"]...[0m
[32mSuccessfully compiled "resources/public/cljs/tests/all-tests.js" in 0.243 seconds.[0m
notifying browser that file changed:  out/runners/doo.js
[0mCompiling "resources/public/cljs/tests/all-tests.js" from ["src" "test"]...[0m
[0mCompiling "resources/public/cljs/tests/all-tests.js" from ["src" "test"]...[0m
[32mSuccessfully compiled "resources/public/cljs/tests/all-tests.js" in 0.412 seconds.[0m
notifying browser that file changed:  resources/public/cljs/tests/out/goog/deps.js
notifying browser that file changed:  resources/public/cljs/tests/out/cljs_deps.js
notifying browser that file changed:  out/runners/browser.js
[0mCompiling "resources/public/cljs/tests/all-tests.js" from ["src" "test"]...[0m
[31mFailed to compile "resources/public/cljs/tests/all-tests.js" in 0.221 seconds.[0m
[36m----  Could not Analyze  test/runners/tests.cljs  ----[0m

  [1mNo such namespace: clojurescript-tdd-application.core-test, could not locate clojurescript_tdd_application/core_test.cljs, clojurescript_tdd_application/core_test.cljc, or Closure namespace "clojurescript-tdd-application.core-test" [0m

[36m----  Analysis Error : Please see test/runners/tests.cljs  ----[0m
[0mCompiling "resources/public/cljs/tests/all-tests.js" from ["src" "test"]...[0m
[31mFailed to compile "resources/public/cljs/tests/all-tests.js" in 0.059 seconds.[0m
[36m----  Could not Analyze  test/clojurescript_tdd_application/core_test.cljs   line:1  column:1  ----[0m

  [1mDon't know how to create ISeq from: clojure.lang.Keyword[0m

  [33m1[0m  [1m(ns clojurescript-tdd-application.core-test[0m
  [0m [0m  [33m^--- Don't know how to create ISeq from: clojure.lang.Keyword[0m
  [36m2[0m  [36m  (:require [clojure.test :refer :all][0m
  [36m3[0m  [36m            [clojurescript-tdd-application.core :refer :all]))[0m

[36m----  Analysis Error : Please see test/clojurescript_tdd_application/core_test.cljs  ----[0m
[0mCompiling "resources/public/cljs/tests/all-tests.js" from ["src" "test"]...[0m
[31mFailed to compile "resources/public/cljs/tests/all-tests.js" in 0.064 seconds.[0m
[36m----  Could not Analyze  test/clojurescript_tdd_application/core_test.cljs   line:1  column:1  ----[0m

  [1mDon't know how to create ISeq from: clojure.lang.Keyword[0m

  [33m1[0m  [1m(ns clojurescript-tdd-application.core-test[0m
  [0m [0m  [33m^--- Don't know how to create ISeq from: clojure.lang.Keyword[0m
  [36m2[0m  [36m  (:require [clojure.test :refer :all][0m
  [36m3[0m  [36m            [clojurescript-tdd-application.core :refer :all]))[0m

[36m----  Analysis Error : Please see test/clojurescript_tdd_application/core_test.cljs  ----[0m
[0mCompiling "resources/public/cljs/tests/all-tests.js" from ["src" "test"]...[0m
[32mSuccessfully compiled "resources/public/cljs/tests/all-tests.js" in 0.353 seconds.[0m
notifying browser that file changed:  resources/public/cljs/tests/out/goog/deps.js
notifying browser that file changed:  resources/public/cljs/tests/out/cljs_deps.js
notifying browser that file changed:  out/clojurescript_tdd_application/core_test.js
[0mCompiling "resources/public/cljs/tests/all-tests.js" from ["src" "test"]...[0m
[32mSuccessfully compiled "resources/public/cljs/tests/all-tests.js" in 0.51 seconds.[0m
notifying browser that file changed:  out/clojurescript_tdd_application/core_test.js
[0mCompiling "resources/public/cljs/tests/all-tests.js" from ["src" "test"]...[0m
[32mSuccessfully compiled "resources/public/cljs/tests/all-tests.js" in 0.652 seconds.[0m
notifying browser that file changed:  out/clojurescript_tdd_application/core_test.js
[0mCompiling "resources/public/cljs/tests/all-tests.js" from ["src" "test"]...[0m
[32mSuccessfully compiled "resources/public/cljs/tests/all-tests.js" in 0.37 seconds.[0m
notifying browser that file changed:  out/clojurescript_tdd_application/core_test.js
[0mCompiling "resources/public/cljs/tests/all-tests.js" from ["src" "test"]...[0m
[32mSuccessfully compiled "resources/public/cljs/tests/all-tests.js" in 0.455 seconds.[0m
notifying browser that file changed:  resources/public/cljs/tests/out/goog/deps.js
notifying browser that file changed:  resources/public/cljs/tests/out/cljs_deps.js
notifying browser that file changed:  out/clojurescript_tdd_application/core_test.js
[0mCompiling "resources/public/cljs/tests/all-tests.js" from ["src" "test"]...[0m
[32mSuccessfully compiled "resources/public/cljs/tests/all-tests.js" in 0.345 seconds.[0m
notifying browser that file changed:  out/clojurescript_tdd_application/core_test.js
[0mCompiling "resources/public/cljs/tests/all-tests.js" from ["src" "test"]...[0m
[31mFailed to compile "resources/public/cljs/tests/all-tests.js" in 0.234 seconds.[0m
[36m----  Could not Read  test/clojurescript_tdd_application/core_test.cljs   line:5  column:1  ----[0m

  [1mEOF while reading, starting at line 5 and column 1[0m

  [36m3[0m  [36m            [devcards.core :refer-macros [deftest]]))[0m
  [36m4[0m  [36m[0m
  [33m5[0m  [1m(deftest a-test[0m
  [0m [0m  [33m^--- EOF while reading, starting at line 5 and column 1[0m
  [36m6[0m  [36m  (testing "FIXME, I fail."[0m
  [36m7[0m  [36m    (async done[0m
  [36m8[0m  [36m      (js/setTimeout[0m

[36m----  Reader Error : Please see test/clojurescript_tdd_application/core_test.cljs  ----[0m
[0mCompiling "resources/public/cljs/tests/all-tests.js" from ["src" "test"]...[0m
[32mSuccessfully compiled "resources/public/cljs/tests/all-tests.js" in 0.415 seconds.[0m
notifying browser that file changed:  out/clojurescript_tdd_application/core_test.js
[0mCompiling "resources/public/cljs/tests/all-tests.js" from ["src" "test"]...[0m
[31mFailed to compile "resources/public/cljs/tests/all-tests.js" in 0.319 seconds.[0m
[36m----  Could not Read  test/clojurescript_tdd_application/core_test.cljs   line:5  column:1  ----[0m

  [1mEOF while reading, starting at line 5 and column 1[0m

  [36m3[0m  [36m            [devcards.core :refer-macros [deftest]]))[0m
  [36m4[0m  [36m[0m
  [33m5[0m  [1m(deftest a-test[0m
  [0m [0m  [33m^--- EOF while reading, starting at line 5 and column 1[0m
  [36m6[0m  [36m  (testing "FIXME, I fail."[0m
  [36m7[0m  [36m    (async done[0m
  [36m8[0m  [36m      (js/setTimeout[0m

[36m----  Reader Error : Please see test/clojurescript_tdd_application/core_test.cljs  ----[0m
[0mCompiling "resources/public/cljs/tests/all-tests.js" from ["src" "test"]...[0m
[32mSuccessfully compiled "resources/public/cljs/tests/all-tests.js" in 0.485 seconds.[0m
notifying browser that file changed:  out/clojurescript_tdd_application/core_test.js
[0mCompiling "resources/public/cljs/tests/all-tests.js" from ["src" "test"]...[0m
[32mSuccessfully compiled "resources/public/cljs/tests/all-tests.js" in 0.39 seconds.[0m
notifying browser that file changed:  out/clojurescript_tdd_application/core_test.js
[0mCompiling "resources/public/cljs/tests/all-tests.js" from ["src" "test"]...[0m
[32mSuccessfully compiled "resources/public/cljs/tests/all-tests.js" in 0.672 seconds.[0m
notifying browser that file changed:  out/clojurescript_tdd_application/core_test.js
